Connected to postgres(192.168.0.151:5433) server.
_row_ | id                                   | name | value1 | value2     | value3                    | value4                                     
    1 | b5deca79-d137-46e8-9042-af3e26f94881 | t1   | 121212 | 123456.789 | 2014-05-10T15:41:33.0834Z | the quick brown fox jumps over the lazy dog
    2 | d34e3090-4062-4953-87ae-06dd36e92131 | t2   | 121212 | 123456.789 | 2014-05-10T16:02:29.9138Z | the quick brown fox jumps over the lazy dog
[
	{
		"id": "b5deca79-d137-46e8-9042-af3e26f94881",
		"name": "t1",
		"value1": 121212,
		"value2": 123456.789,
		"value3": "2014-05-10T15:41:33.0834Z",
		"value4": "the quick brown fox jumps over the lazy dog"
	},
	{
		"id": "d34e3090-4062-4953-87ae-06dd36e92131",
		"name": "t2",
		"value1": 121212,
		"value2": 123456.789,
		"value3": "2014-05-10T16:02:29.9138Z",
		"value4": "the quick brown fox jumps over the lazy dog"
	}
]