
     C EBMKCM0 25P/62899 -- Alpha Coal Sales, LLC -- 05/08/2014 04:46:04 pm     

    --- Customer                            --- All Freight Charges            
                                            Luminant Energy Company, LLC       
                                            500 N. Akard Street, LP-13         
                                            Dallas TX 75201                    
 
    --- Consignee                           --- From                           
    Monticello Generating Station           Eagle Butte Mine                   
                                            Attn  : Leslee Ransone             
    Monticello TX                           Phone : (307) 687-3477             
    62899                                   Sales Order(s) :                    

I skipped some stuff

    Seq    Car ID       Gross      Tare       Net
	
     1  TXUX 073778     142.53      24.90     117.62
	
     2  TXUX 050415     142.78      24.15     118.62
	
     3  TXUX 050565     142.55      24.60     117.95
	
     4  TXUX 053155     142.55      24.15     118.40
	
     5  TXUX 050192     142.75      24.70     118.05
	
     6  TXUX 083335     142.82      24.50     118.33
	
     7  TXUX 083336     142.78      24.35     118.42
	
     8  TXUX 083333     142.85      24.70     118.15
	
     9  TXUX 083342     142.85      24.15     118.70
	
    10  TXUX 083338     142.80      24.50     118.30
	
    11  TXUX 083337     142.78      24.55     118.22
	
    12  TXUX 050200     142.72      24.75     117.97
	
    13  TXUX 990511     142.80      24.15     118.65
	
    14  TXUX 990415     142.75      24.50     118.25
	
    15  TXUX 050451     142.80      23.60     119.20
	
    16  TXUX 990213     142.70      24.85     117.85
	
    17  TXUX 990891     142.78      24.40     118.38
	
    18  TXUX 990529     142.70      23.45     119.25
	
    19  TXUX 990887     142.65      25.00     117.65
	
    20  TXUX 990476     142.70      24.25     118.45
	
    21  TXUX 990528     142.78      23.90     118.88
	
    22  TXUX 990254     142.78      24.45     118.33
	
    23  TXUX 990688     142.62      23.95     118.67
	
    24  TXUX 990111     142.55      24.40     118.15
	
    25  TXUX 990489     142.55      24.20     118.35
	
    26  TXUX 990888     142.43      24.80     117.62
	
    27  TXUX 050139     142.45      24.10     118.35
	
    28  TXUX 990490     142.53      24.45     118.08
	
    29  TXUX 073339     142.75      24.10     118.65
	
    30  TXUX 990121     142.78      24.40     118.38
	
    31  TXUX 073983     142.82      24.00     118.83
	
    32  TXUX 050479     142.70      24.55     118.15
	
    33  TXUX 083359     142.70      24.35     118.35
	
    34  TXUX 083308     142.72      24.60     118.12
	
    35  TXUX 083304     142.75      24.40     118.35
	
    36  TXUX 083302     142.72      24.40     118.33
	
    37  TXUX 083307     142.72      24.25     118.47
	
    38  TXUX 050506     142.80      24.10     118.70
	
    39  TXUX 073275     142.80      24.25     118.55
	
    40  TXUX 990147     142.72      24.35     118.38
	
    41  TXUX 990328     142.75      24.35     118.40
	
    42  TXUX 990250     142.70      24.60     118.10
	
    43  TXUX 083248     142.70      24.00     118.70
	
    44  TXUX 990311     142.75      24.55     118.20
	
    45  TXUX 990313     142.70      24.40     118.30
	
    46  TXUX 990731     142.65      24.45     118.20
	
    47  TXUX 990401     142.65      23.95     118.70
	
    48  TXUX 990212     142.65      24.50     118.15
	
    49  TXUX 050260     142.50      24.30     118.20
	
    50  TXUX 050682     142.68      24.30     118.38
	
    51  TXUX 073915     142.65      24.05     118.60
	
    52  TXUX 074042     142.65      24.30     118.35
	
    53  TXUX 050057     142.68      24.20     118.47
	
    54  TXUX 073869     142.68      24.20     118.47
	
    55  TXUX 050620     142.62      24.50     118.12
	
    56  TXUX 053258     142.50      24.30     118.20
	
    57  TXUX 073470     142.62      24.30     118.33
	
    58  TXUX 083156     142.57      24.05     118.53
	
    59  TXUX 073495     142.62      24.05     118.58
	
    60  TXUX 990197     142.62      23.95     118.67
	
    61  TXUX 083054     142.65      24.45     118.20
	
    62  TXUX 050289     142.68      24.30     118.38
	
    63  TXUX 050539     142.65      24.40     118.25
	
    64  TXUX 990411     142.62      24.00     118.62
	
    65  TXUX 073605     142.62      24.15     118.47
	
    66  TXUX 053096     142.65      24.25     118.40
	
    67  TXUX 073590     142.55      23.95     118.60
	
    68  TXUX 073312     142.55      24.15     118.40
	
    69  TXUX 050413     142.47      24.45     118.03
	
    70  TXUX 990455     142.53      24.50     118.03
	
    71  TXUX 073871     142.55      24.10     118.45
	
    72  TXUX 083367     142.62      24.40     118.22
	
    73  TXUX 083020     142.65      24.55     118.10
	
    74  TXUX 083018     142.68      24.70     117.97
	
    75  TXUX 073444     142.70      24.00     118.70
	
    76  TXUX 073167     142.70      24.45     118.25
	
    77  TXUX 073877     142.65      24.20     118.45
	
    78  TXUX 073544     142.60      24.20     118.40
	
    79  TXUX 083140     142.68      24.40     118.28
	
    80  TXUX 073844     142.62      28.25     114.38
	
    81  TXUX 073843     142.62      24.05     118.58
	
    82  TXUX 073593     142.57      24.00     118.58
	
    83  TXUX 990472     142.65      24.35     118.30
	
    84  TXUX 083328     142.62      24.50     118.12
	
    85  TXUX 083340     142.65      24.35     118.30
	
    86  TXUX 073393     142.65      27.70     114.95
	
    87  TXUX 050391     142.43      24.45     117.97
	
    88  TXUX 050213     142.65      23.85     118.80
	
    89  TXUX 050556     142.60      24.30     118.30
	
    90  TXUX 990350     142.62      24.50     118.12
	
    91  TXUX 990926     142.60      24.25     118.35
	
    92  TXUX 050680     142.40      24.40     118.00
	
    93  TXUX 073421     142.60      24.15     118.45
	
    94  TXUX 083406     142.65      24.45     118.20
	
    95  TXUX 990038     142.72      24.35     118.38
	
    96  TXUX 073678     142.60      24.15     118.45
	
    97  TXUX 073908     142.68      24.05     118.62
	
    98  TXUX 050006     142.65      24.35     118.30
	
    99  TXUX 050178     142.62      24.35     118.28
	
   100  TXUX 053125     142.65      24.55     118.10
	
   101  NCUX 012308     142.62      24.45     118.17
	
   102  TXUX 096052     142.62      25.50     117.12
	
   103  TXUX 990470     142.55      24.15     118.40
	
   104  TXUX 083322     142.62      24.50     118.12
	
   105  TXUX 083321     141.10      24.55     116.55
	
   106  TXUX 083346     139.50      24.45     115.05
	
   107  TXUX 083348     142.55      24.35     118.20
	
   108  TXUX 083345     141.60      24.40     117.20
	
   109  TXUX 083344     142.45      24.45     118.00
	
   110  TXUX 083360     142.40      24.50     117.90
	
   111  TXUX 073940     142.28      24.30     117.97
	
   112  TXUX 083372     142.07      24.50     117.58
	
   113  TXUX 083376     142.65      24.45     118.20
	
   114  TXUX 050267     142.43      24.45     117.97
	
   115  TXUX 083291     142.65      24.45     118.20
	
   116  TXUX 083049     142.43      24.60     117.83
	
   117  TXUX 083396     142.65      24.65     118.00
	
   118  TXUX 083393     142.65      24.65     118.00
	
   119  TXUX 050316     142.65      24.30     118.35
	
   120  TXUX 073154     142.70      24.10     118.60
	
   121  TXUX 073142     142.65      24.25     118.40
	
   122  TXUX 073721     142.70      24.30     118.40
	
   123  TXUX 073722     142.68      24.15     118.53
	
   124  TXUX 083124     142.43      25.45     116.97
	

I skipped some more stuff

